[2024-08-20 19:06:26] database/common.php UserUpdate() Table 'S4984409.User' doesn't exist
 id:55 [2024-08-22 18:58:59] .php/script/delete_car.php delite_car_db(): Access denied for user 'root'@'localhost' (using password: NO)
 id:55 [2024-08-22 18:59:02] .php/script/Common.php getUserInfo():Access denied for user 'root'@'localhost' (using password: NO)
 id:55 [2024-08-22 19:03:05] php/script/Login.php UserExistAccess denied for user 'root'@'localhost' (using password: NO)
[2024-08-22 19:05:26] php/script/Login.php UserExistAccess denied for user 'root'@'localhost' (using password: NO)
[2024-08-22 19:05:29] php/script/Login.php UserExistAccess denied for user 'root'@'localhost' (using password: NO)
[2024-08-22 19:06:52] php/script/Login.php UserExist Access denied for user 'root'@'localhost' (using password: NO)
[2024-08-22 19:06:59] php/script/Login.php UserExist Access denied for user 'root'@'localhost' (using password: NO)
[2024-08-22 19:07:00] php/script/Login.php UserExist Access denied for user 'root'@'localhost' (using password: NO)
[2024-08-22 19:07:06] php/script/Login.php UserExist Access denied for user 'root'@'localhost' (using password: NO)
[2024-08-22 19:07:13] php/script/Login.php UserExist Access denied for user 'root'@'localhost' (using password: NO)
[2024-08-22 19:07:43] php/script/Login.php UserExist Access denied for user 'root'@'localhost' (using password: NO)
[2024-08-22 19:07:45] php/script/Login.php UserExist Access denied for user 'root'@'localhost' (using password: NO)
[2024-08-22 19:07:46] php/script/Login.php UserExist Access denied for user 'root'@'localhost' (using password: NO)
[2024-08-22 19:08:57] php/script/Login.php UserExist Access denied for user 'S4984409'@'localhost' (using password: YES)
[2024-08-22 19:08:59] php/script/Login.php UserExist Access denied for user 'S4984409'@'localhost' (using password: YES)
[2024-08-22 19:09:14] php/script/Login.php UserExist Access denied for user 'S4984409'@'localhost' (using password: YES)
[2024-08-22 19:09:15] php/script/Login.php UserExist Access denied for user 'S4984409'@'localhost' (using password: YES)
[2024-08-22 19:09:15] php/script/Login.php UserExist Access denied for user 'S4984409'@'localhost' (using password: YES)
[2024-08-22 19:09:16] php/script/Login.php UserExist Access denied for user 'S4984409'@'localhost' (using password: YES)
[2024-08-22 19:09:16] php/script/Login.php UserExist Access denied for user 'S4984409'@'localhost' (using password: YES)
[2024-08-22 19:09:16] php/script/Login.php UserExist Access denied for user 'S4984409'@'localhost' (using password: YES)
[2024-08-22 19:09:16] php/script/Login.php UserExist Access denied for user 'S4984409'@'localhost' (using password: YES)
[2024-08-22 19:09:16] php/script/Login.php UserExist Access denied for user 'S4984409'@'localhost' (using password: YES)
[2024-08-22 19:09:17] php/script/Login.php UserExist Access denied for user 'S4984409'@'localhost' (using password: YES)
[2024-08-22 19:09:17] php/script/Login.php UserExist Access denied for user 'S4984409'@'localhost' (using password: YES)
[2024-08-22 19:10:44] php/script/Login.php UserExist Access denied for user 'S4984409'@'localhost' (using password: YES)
[2024-08-22 19:10:44] php/script/Login.php UserExist Access denied for user 'S4984409'@'localhost' (using password: YES)
[2024-08-27 15:33:47] ./php/script/car_update.php unlink(): error impossible delite file
 id:55 